[05-Oct-2018 01:49:11 UTC] PHP Parse error:  syntax error, unexpected '}', expecting ',' or ';' in /app/public/wp-content/themes/new-theme/index.php on line 4
[10-Oct-2018 01:09:20 UTC] PHP Parse error:  syntax error, unexpected '}', expecting ',' or ';' in /app/public/wp-content/themes/new-theme/index.php on line 4
[10-Oct-2018 01:09:35 UTC] PHP Parse error:  syntax error, unexpected '}', expecting ',' or ';' in /app/public/wp-content/themes/new-theme/index.php on line 4
[10-Oct-2018 18:41:51 UTC] PHP Parse error:  syntax error, unexpected 'wp_enqueue_style' (T_STRING) in /app/public/wp-content/themes/new-theme/functions.php on line 4
[17-Oct-2018 00:44:34 UTC] PHP Parse error:  syntax error, unexpected '}', expecting ',' or ';' in /app/public/wp-content/themes/new-theme/page.php on line 21
[24-Oct-2018 03:04:47 UTC] PHP Warning:  Use of undefined constant STYLESHEETPATH - assumed 'STYLESHEETPATH' (this will throw an Error in a future version of PHP) in /app/public/wp-includes/template.php on line 634
[24-Oct-2018 03:04:47 UTC] PHP Warning:  Use of undefined constant TEMPLATEPATH - assumed 'TEMPLATEPATH' (this will throw an Error in a future version of PHP) in /app/public/wp-includes/template.php on line 637
[24-Oct-2018 03:04:47 UTC] PHP Warning:  Use of undefined constant AUTOSAVE_INTERVAL - assumed 'AUTOSAVE_INTERVAL' (this will throw an Error in a future version of PHP) in /app/public/wp-includes/script-loader.php on line 1086
[24-Oct-2018 03:04:47 UTC] PHP Fatal error:  Uncaught Error: Call to a member function using_index_permalinks() on null in /app/public/wp-includes/rest-api.php:313
Stack trace:
#0 /app/public/wp-includes/rest-api.php(705): get_rest_url()
#1 /app/public/wp-includes/class-wp-hook.php(284): rest_output_link_wp_head()
#2 /app/public/wp-includes/class-wp-hook.php(310): WP_Hook->apply_filters(Array, Array)
#3 /app/public/wp-includes/plugin.php(453): WP_Hook->do_action(Array)
#4 /app/public/wp-includes/general-template.php(2614): do_action('wp_head')
#5 /app/public/wp-includes/theme-compat/header.php(46): wp_head()
#6 /app/public/wp-includes/template.php(688): require_once('/app/public/wp-...')
#7 /app/public/wp-includes/template.php(647): load_template('/app/public/wp-...', true)
#8 /app/public/wp-includes/general-template.php(41): locate_template(Array, true)
#9 /app/public/wp-content/plugins/the-events-calendar/src/Tribe/Main.php(1): get_header()
#10 /app/public/wp-content/plugins/the-events-calendar/the-events-calendar.php(33): require_once('/app/public/wp in /app/public/wp-includes/rest-api.php on line 313
[24-Oct-2018 03:04:53 UTC] PHP Warning:  Use of undefined constant STYLESHEETPATH - assumed 'STYLESHEETPATH' (this will throw an Error in a future version of PHP) in /app/public/wp-includes/template.php on line 634
[24-Oct-2018 03:04:53 UTC] PHP Warning:  Use of undefined constant TEMPLATEPATH - assumed 'TEMPLATEPATH' (this will throw an Error in a future version of PHP) in /app/public/wp-includes/template.php on line 637
[24-Oct-2018 03:04:53 UTC] PHP Warning:  Use of undefined constant AUTOSAVE_INTERVAL - assumed 'AUTOSAVE_INTERVAL' (this will throw an Error in a future version of PHP) in /app/public/wp-includes/script-loader.php on line 1086
[24-Oct-2018 03:04:53 UTC] PHP Fatal error:  Uncaught Error: Call to a member function using_index_permalinks() on null in /app/public/wp-includes/rest-api.php:313
Stack trace:
#0 /app/public/wp-includes/rest-api.php(705): get_rest_url()
#1 /app/public/wp-includes/class-wp-hook.php(284): rest_output_link_wp_head()
#2 /app/public/wp-includes/class-wp-hook.php(310): WP_Hook->apply_filters(Array, Array)
#3 /app/public/wp-includes/plugin.php(453): WP_Hook->do_action(Array)
#4 /app/public/wp-includes/general-template.php(2614): do_action('wp_head')
#5 /app/public/wp-includes/theme-compat/header.php(46): wp_head()
#6 /app/public/wp-includes/template.php(688): require_once('/app/public/wp-...')
#7 /app/public/wp-includes/template.php(647): load_template('/app/public/wp-...', true)
#8 /app/public/wp-includes/general-template.php(41): locate_template(Array, true)
#9 /app/public/wp-content/plugins/the-events-calendar/src/Tribe/Main.php(1): get_header()
#10 /app/public/wp-content/plugins/the-events-calendar/the-events-calendar.php(33): require_once('/app/public/wp in /app/public/wp-includes/rest-api.php on line 313
